android/picture_library/build/intermediates/manifest_merge_blame_file/debug/manifest-merger-blame-debug-report.txt
1<?xml version="1.0" encoding="utf-8"?>
2<manifest xmlns:android="http://schemas.android.com/apk/res/android"
3    xmlns:tools="http://schemas.android.com/tools"
4    package="com.luck.picture.lib"
5    android:versionCode="20"
6    android:versionName="2.5.0" >
7
8    <uses-sdk
8-->src/main/AndroidManifest.xml:6:5-7:80
9        android:minSdkVersion="19"
9-->src/main/AndroidManifest.xml:6:5-7:80
10        android:targetSdkVersion="28"
10-->src/main/AndroidManifest.xml:6:5-7:80
11        tools:overrideLibrary="androidx.camera:camera-camera2:1.0.0-alpha08,     androidx.camera.camera2,androidx.camera.lifecycle,androidx.camera.core" />
11-->src/main/AndroidManifest.xml:6:5-7:80
12
13    <application>
13-->src/main/AndroidManifest.xml:9:5-45:19
14
15        <!-- <provider -->
16        <!-- android:name="com.luck.picture.lib.PictureFileProvider" -->
17        <!-- android:authorities="${applicationId}.provider" -->
18        <!-- android:exported="false" -->
19        <!-- android:grantUriPermissions="true"> -->
20        <!-- <meta-data -->
21        <!-- android:name="android.support.FILE_PROVIDER_PATHS" -->
22        <!-- android:resource="@xml/file_paths" /> -->
23        <!-- </provider> -->
24
25        <activity
25-->src/main/AndroidManifest.xml:20:9-24:15
26            android:name="com.luck.picture.lib.PictureSelectorActivity"
26-->src/main/AndroidManifest.xml:21:13-52
27            android:configChanges="orientation|keyboardHidden|screenSize"
27-->src/main/AndroidManifest.xml:22:13-74
28            android:screenOrientation="portrait" />
28-->src/main/AndroidManifest.xml:23:13-49
29        <activity
29-->src/main/AndroidManifest.xml:25:9-27:51
30            android:name="com.luck.picture.lib.PictureSelectorPreviewWeChatStyleActivity"
30-->src/main/AndroidManifest.xml:25:19-76
31            android:configChanges="orientation|keyboardHidden|screenSize"
31-->src/main/AndroidManifest.xml:26:13-74
32            android:screenOrientation="portrait" />
32-->src/main/AndroidManifest.xml:27:13-49
33        <activity
33-->src/main/AndroidManifest.xml:28:9-30:51
34            android:name="com.luck.picture.lib.PictureVideoPlayActivity"
34-->src/main/AndroidManifest.xml:28:19-59
35            android:configChanges="orientation|keyboardHidden|screenSize"
35-->src/main/AndroidManifest.xml:29:13-74
36            android:screenOrientation="portrait" />
36-->src/main/AndroidManifest.xml:30:13-49
37        <activity
37-->src/main/AndroidManifest.xml:31:9-33:51
38            android:name="com.luck.picture.lib.PicturePreviewActivity"
38-->src/main/AndroidManifest.xml:31:19-57
39            android:configChanges="orientation|keyboardHidden|screenSize"
39-->src/main/AndroidManifest.xml:32:13-74
40            android:screenOrientation="portrait" />
40-->src/main/AndroidManifest.xml:33:13-49
41        <activity
41-->src/main/AndroidManifest.xml:35:9-39:15
42            android:name="com.yalantis2.ucrop.UCropActivity"
42-->src/main/AndroidManifest.xml:36:13-61
43            android:screenOrientation="portrait"
43-->src/main/AndroidManifest.xml:38:13-49
44            android:theme="@style/Base.Theme.NoActionBar" />
44-->src/main/AndroidManifest.xml:37:13-58
45        <activity
45-->src/main/AndroidManifest.xml:40:9-44:15
46            android:name="com.yalantis2.ucrop.PictureMultiCuttingActivity"
46-->src/main/AndroidManifest.xml:41:13-75
47            android:screenOrientation="portrait"
47-->src/main/AndroidManifest.xml:43:13-49
48            android:theme="@style/Base.Theme.NoActionBar" />
48-->src/main/AndroidManifest.xml:42:13-58
49    </application>
50
51</manifest>